# JRE version: Java(TM) SE Runtime Environment (11.0.6+8) (build 11.0.6+8-LTS)
# Java VM: Java HotSpot(TM) 64-Bit Server VM (11.0.6+8-LTS, mixed mode, tiered, compressed oops, g1 gc, linux-amd64)
Heap:
 garbage-first heap   total 374784K, used 15932K [0x0000000086400000, 0x0000000100000000)
  region size 1024K, 1 young (1024K), 1 survivors (1024K)
 Metaspace       used 21991K, capacity 22406K, committed 22960K, reserved 1069056K
  class space    used 2347K, capacity 2471K, committed 2560K, reserved 1048576K
GC Heap History (9 events):
Event: 0,894 GC heap before
{Heap before GC invocations=0 (full 0):
 garbage-first heap   total 124928K, used 23552K [0x0000000086400000, 0x0000000100000000)
  region size 1024K, 24 young (24576K), 0 survivors (0K)
 Metaspace       used 12354K, capacity 12533K, committed 12928K, reserved 1060864K
  class space    used 1276K, capacity 1348K, committed 1408K, reserved 1048576K
}
Event: 0,902 GC heap after
{Heap after GC invocations=1 (full 0):
 garbage-first heap   total 124928K, used 3406K [0x0000000086400000, 0x0000000100000000)
  region size 1024K, 3 young (3072K), 3 survivors (3072K)
 Metaspace       used 12354K, capacity 12533K, committed 12928K, reserved 1060864K
  class space    used 1276K, capacity 1348K, committed 1408K, reserved 1048576K
}
Event: 2,594 GC heap before
{Heap before GC invocations=1 (full 0):
 garbage-first heap   total 124928K, used 58702K [0x0000000086400000, 0x0000000100000000)
  region size 1024K, 58 young (59392K), 3 survivors (3072K)
 Metaspace       used 20607K, capacity 20935K, committed 21296K, reserved 1069056K
  class space    used 2249K, capacity 2365K, committed 2432K, reserved 1048576K
}
Event: 2,615 GC heap after
{Heap after GC invocations=2 (full 0):
 garbage-first heap   total 124928K, used 5872K [0x0000000086400000, 0x0000000100000000)
  region size 1024K, 6 young (6144K), 6 survivors (6144K)
 Metaspace       used 20607K, capacity 20935K, committed 21296K, reserved 1069056K
  class space    used 2249K, capacity 2365K, committed 2432K, reserved 1048576K
}
Event: 4,700 GC heap before
{Heap before GC invocations=3 (full 0):
 garbage-first heap   total 124928K, used 70384K [0x0000000086400000, 0x0000000100000000)
  region size 1024K, 69 young (70656K), 6 survivors (6144K)
 Metaspace       used 21977K, capacity 22340K, committed 22704K, reserved 1069056K
  class space    used 2346K, capacity 2469K, committed 2560K, reserved 1048576K
}
Event: 5,657 GC heap after
{Heap after GC invocations=4 (full 0):
 garbage-first heap   total 124928K, used 14672K [0x0000000086400000, 0x0000000100000000)
  region size 1024K, 9 young (9216K), 9 survivors (9216K)
 Metaspace       used 21977K, capacity 22340K, committed 22704K, reserved 1069056K
  class space    used 2346K, capacity 2469K, committed 2560K, reserved 1048576K
}
Event: 6,084 GC heap before
{Heap before GC invocations=4 (full 0):
 garbage-first heap   total 124928K, used 15696K [0x0000000086400000, 0x0000000100000000)
  region size 1024K, 10 young (10240K), 9 survivors (9216K)
 Metaspace       used 21977K, capacity 22340K, committed 22704K, reserved 1069056K
  class space    used 2346K, capacity 2469K, committed 2560K, reserved 1048576K
}
Event: 7,282 GC heap after
{Heap after GC invocations=5 (full 0):
 garbage-first heap   total 124928K, used 15952K [0x0000000086400000, 0x0000000100000000)
  region size 1024K, 1 young (1024K), 1 survivors (1024K)
 Metaspace       used 21977K, capacity 22340K, committed 22704K, reserved 1069056K
  class space    used 2346K, capacity 2469K, committed 2560K, reserved 1048576K
}
Event: 38,846 GC heap before
{Heap before GC invocations=5 (full 0):
 garbage-first heap   total 124928K, used 21072K [0x0000000086400000, 0x0000000100000000)
  region size 1024K, 6 young (6144K), 1 survivors (1024K)
 Metaspace       used 21991K, capacity 22406K, committed 22960K, reserved 1069056K
  class space    used 2347K, capacity 2471K, committed 2560K, reserved 1048576K
}

